c:\users\kbc21b23\onedrive\デスクトップ\job-hunting\gametemplate\exlib\x64\debug\bulletdynamics_debug.pdb
c:\users\kbc21b23\onedrive\デスクトップ\job-hunting\gametemplate\k2enginelow\exengine\bulletphysics\src\bulletdynamics\x64\debug\btsimpledynamicsworld.obj
c:\users\kbc21b23\onedrive\デスクトップ\job-hunting\gametemplate\k2enginelow\exengine\bulletphysics\src\bulletdynamics\x64\debug\btrigidbody.obj
c:\users\kbc21b23\onedrive\デスクトップ\job-hunting\gametemplate\k2enginelow\exengine\bulletphysics\src\bulletdynamics\x64\debug\btdiscretedynamicsworld.obj
c:\users\kbc21b23\onedrive\デスクトップ\job-hunting\gametemplate\k2enginelow\exengine\bulletphysics\src\bulletdynamics\x64\debug\btuniversalconstraint.obj
c:\users\kbc21b23\onedrive\デスクトップ\job-hunting\gametemplate\k2enginelow\exengine\bulletphysics\src\bulletdynamics\x64\debug\bttypedconstraint.obj
c:\users\kbc21b23\onedrive\デスクトップ\job-hunting\gametemplate\k2enginelow\exengine\bulletphysics\src\bulletdynamics\x64\debug\btsolve2linearconstraint.obj
c:\users\kbc21b23\onedrive\デスクトップ\job-hunting\gametemplate\k2enginelow\exengine\bulletphysics\src\bulletdynamics\x64\debug\btsliderconstraint.obj
c:\users\kbc21b23\onedrive\デスクトップ\job-hunting\gametemplate\k2enginelow\exengine\bulletphysics\src\bulletdynamics\x64\debug\btsequentialimpulseconstraintsolver.obj
c:\users\kbc21b23\onedrive\デスクトップ\job-hunting\gametemplate\k2enginelow\exengine\bulletphysics\src\bulletdynamics\x64\debug\btpoint2pointconstraint.obj
c:\users\kbc21b23\onedrive\デスクトップ\job-hunting\gametemplate\k2enginelow\exengine\bulletphysics\src\bulletdynamics\x64\debug\btnncgconstraintsolver.obj
c:\users\kbc21b23\onedrive\デスクトップ\job-hunting\gametemplate\k2enginelow\exengine\bulletphysics\src\bulletdynamics\x64\debug\bthingeconstraint.obj
c:\users\kbc21b23\onedrive\デスクトップ\job-hunting\gametemplate\k2enginelow\exengine\bulletphysics\src\bulletdynamics\x64\debug\bthinge2constraint.obj
c:\users\kbc21b23\onedrive\デスクトップ\job-hunting\gametemplate\k2enginelow\exengine\bulletphysics\src\bulletdynamics\x64\debug\btgeneric6dofspringconstraint.obj
c:\users\kbc21b23\onedrive\デスクトップ\job-hunting\gametemplate\k2enginelow\exengine\bulletphysics\src\bulletdynamics\x64\debug\btgeneric6dofspring2constraint.obj
c:\users\kbc21b23\onedrive\デスクトップ\job-hunting\gametemplate\k2enginelow\exengine\bulletphysics\src\bulletdynamics\x64\debug\btgeneric6dofconstraint.obj
c:\users\kbc21b23\onedrive\デスクトップ\job-hunting\gametemplate\k2enginelow\exengine\bulletphysics\src\bulletdynamics\x64\debug\btgearconstraint.obj
c:\users\kbc21b23\onedrive\デスクトップ\job-hunting\gametemplate\k2enginelow\exengine\bulletphysics\src\bulletdynamics\x64\debug\btfixedconstraint.obj
c:\users\kbc21b23\onedrive\デスクトップ\job-hunting\gametemplate\k2enginelow\exengine\bulletphysics\src\bulletdynamics\x64\debug\btcontactconstraint.obj
c:\users\kbc21b23\onedrive\デスクトップ\job-hunting\gametemplate\k2enginelow\exengine\bulletphysics\src\bulletdynamics\x64\debug\btconetwistconstraint.obj
c:\users\kbc21b23\onedrive\デスクトップ\job-hunting\gametemplate\k2enginelow\exengine\bulletphysics\src\bulletdynamics\x64\debug\btkinematiccharactercontroller.obj
c:\users\kbc21b23\onedrive\デスクトップ\job-hunting\gametemplate\k2enginelow\exengine\bulletphysics\src\bulletdynamics\x64\debug\btwheelinfo.obj
c:\users\kbc21b23\onedrive\デスクトップ\job-hunting\gametemplate\k2enginelow\exengine\bulletphysics\src\bulletdynamics\x64\debug\btraycastvehicle.obj
c:\users\kbc21b23\onedrive\デスクトップ\job-hunting\gametemplate\k2enginelow\exengine\bulletphysics\src\bulletdynamics\x64\debug\btmlcpsolver.obj
c:\users\kbc21b23\onedrive\デスクトップ\job-hunting\gametemplate\k2enginelow\exengine\bulletphysics\src\bulletdynamics\x64\debug\btlemkealgorithm.obj
c:\users\kbc21b23\onedrive\デスクトップ\job-hunting\gametemplate\k2enginelow\exengine\bulletphysics\src\bulletdynamics\x64\debug\btdantziglcp.obj
c:\users\kbc21b23\onedrive\デスクトップ\job-hunting\gametemplate\k2enginelow\exengine\bulletphysics\src\bulletdynamics\x64\debug\btmultibodypoint2point.obj
c:\users\kbc21b23\onedrive\デスクトップ\job-hunting\gametemplate\k2enginelow\exengine\bulletphysics\src\bulletdynamics\x64\debug\btmultibodyjointmotor.obj
c:\users\kbc21b23\onedrive\デスクトップ\job-hunting\gametemplate\k2enginelow\exengine\bulletphysics\src\bulletdynamics\x64\debug\btmultibodyjointlimitconstraint.obj
c:\users\kbc21b23\onedrive\デスクトップ\job-hunting\gametemplate\k2enginelow\exengine\bulletphysics\src\bulletdynamics\x64\debug\btmultibodydynamicsworld.obj
c:\users\kbc21b23\onedrive\デスクトップ\job-hunting\gametemplate\k2enginelow\exengine\bulletphysics\src\bulletdynamics\x64\debug\btmultibodyconstraintsolver.obj
c:\users\kbc21b23\onedrive\デスクトップ\job-hunting\gametemplate\k2enginelow\exengine\bulletphysics\src\bulletdynamics\x64\debug\btmultibodyconstraint.obj
c:\users\kbc21b23\onedrive\デスクトップ\job-hunting\gametemplate\k2enginelow\exengine\bulletphysics\src\bulletdynamics\x64\debug\btmultibody.obj
c:\users\kbc21b23\onedrive\デスクトップ\job-hunting\gametemplate\exlib\x64\debug\bulletdynamics_debug.lib
c:\users\kbc21b23\onedrive\デスクトップ\job-hunting\gametemplate\k2enginelow\exengine\bulletphysics\src\bulletdynamics\x64\debug\bulletdynamics.tlog\cl.command.1.tlog
c:\users\kbc21b23\onedrive\デスクトップ\job-hunting\gametemplate\k2enginelow\exengine\bulletphysics\src\bulletdynamics\x64\debug\bulletdynamics.tlog\cl.read.1.tlog
c:\users\kbc21b23\onedrive\デスクトップ\job-hunting\gametemplate\k2enginelow\exengine\bulletphysics\src\bulletdynamics\x64\debug\bulletdynamics.tlog\cl.write.1.tlog
c:\users\kbc21b23\onedrive\デスクトップ\job-hunting\gametemplate\k2enginelow\exengine\bulletphysics\src\bulletdynamics\x64\debug\bulletdynamics.tlog\lib-link.read.1.tlog
c:\users\kbc21b23\onedrive\デスクトップ\job-hunting\gametemplate\k2enginelow\exengine\bulletphysics\src\bulletdynamics\x64\debug\bulletdynamics.tlog\lib-link.write.1.tlog
c:\users\kbc21b23\onedrive\デスクトップ\job-hunting\gametemplate\k2enginelow\exengine\bulletphysics\src\bulletdynamics\x64\debug\bulletdynamics.tlog\lib.command.1.tlog
